<?xml version="1.0" encoding="UTF-8"?>
<coverage generated="1715432060215" clover="3.2.0">
  <project timestamp="1715432060215" name="All files">
    <metrics statements="308" coveredstatements="248" conditionals="24" coveredconditionals="22" methods="16" coveredmethods="13" elements="348" coveredelements="283" complexity="0" loc="308" ncloc="308" packages="9" files="9" classes="9"/>
    <package name="components">
      <metrics statements="6" coveredstatements="6" conditionals="0" coveredconditionals="0" methods="0" coveredmethods="0"/>
      <file name="index.ts" path="C:\Users\andre\Documents\git\colosl-private\components\index.ts">
        <metrics statements="6" coveredstatements="6" conditionals="0" coveredconditionals="0" methods="0" coveredmethods="0"/>
        <line num="1" count="1" type="stmt"/>
        <line num="2" count="1" type="stmt"/>
        <line num="3" count="1" type="stmt"/>
        <line num="4" count="1" type="stmt"/>
        <line num="5" count="1" type="stmt"/>
        <line num="6" count="1" type="stmt"/>
      </file>
    </package>
    <package name="components.Avatar">
      <metrics statements="22" coveredstatements="22" conditionals="3" coveredconditionals="1" methods="1" coveredmethods="1"/>
      <file name="Avatar.tsx" path="C:\Users\andre\Documents\git\colosl-private\components\Avatar\Avatar.tsx">
        <metrics statements="22" coveredstatements="22" conditionals="3" coveredconditionals="1" methods="1" coveredmethods="1"/>
        <line num="1" count="1" type="stmt"/>
        <line num="2" count="1" type="stmt"/>
        <line num="3" count="1" type="stmt"/>
        <line num="4" count="1" type="stmt"/>
        <line num="5" count="1" type="stmt"/>
        <line num="6" count="1" type="stmt"/>
        <line num="7" count="1" type="stmt"/>
        <line num="8" count="1" type="stmt"/>
        <line num="9" count="1" type="stmt"/>
        <line num="10" count="1" type="cond" truecount="1" falsecount="0"/>
        <line num="11" count="12" type="cond" truecount="0" falsecount="1"/>
        <line num="12" count="12" type="cond" truecount="0" falsecount="1"/>
        <line num="13" count="12" type="stmt"/>
        <line num="14" count="12" type="stmt"/>
        <line num="15" count="12" type="stmt"/>
        <line num="16" count="12" type="stmt"/>
        <line num="17" count="12" type="stmt"/>
        <line num="18" count="12" type="stmt"/>
        <line num="19" count="12" type="stmt"/>
        <line num="20" count="12" type="stmt"/>
        <line num="21" count="12" type="stmt"/>
        <line num="22" count="12" type="stmt"/>
      </file>
    </package>
    <package name="components.Button">
      <metrics statements="26" coveredstatements="26" conditionals="1" coveredconditionals="1" methods="1" coveredmethods="1"/>
      <file name="Button.tsx" path="C:\Users\andre\Documents\git\colosl-private\components\Button\Button.tsx">
        <metrics statements="26" coveredstatements="26" conditionals="1" coveredconditionals="1" methods="1" coveredmethods="1"/>
        <line num="1" count="1" type="stmt"/>
        <line num="2" count="1" type="stmt"/>
        <line num="3" count="1" type="stmt"/>
        <line num="4" count="1" type="stmt"/>
        <line num="5" count="1" type="stmt"/>
        <line num="6" count="1" type="stmt"/>
        <line num="7" count="1" type="stmt"/>
        <line num="8" count="1" type="stmt"/>
        <line num="9" count="1" type="stmt"/>
        <line num="10" count="1" type="stmt"/>
        <line num="11" count="1" type="stmt"/>
        <line num="12" count="1" type="cond" truecount="1" falsecount="0"/>
        <line num="13" count="20" type="stmt"/>
        <line num="14" count="20" type="stmt"/>
        <line num="15" count="20" type="stmt"/>
        <line num="16" count="20" type="stmt"/>
        <line num="17" count="20" type="stmt"/>
        <line num="18" count="20" type="stmt"/>
        <line num="19" count="20" type="stmt"/>
        <line num="20" count="20" type="stmt"/>
        <line num="21" count="20" type="stmt"/>
        <line num="22" count="20" type="stmt"/>
        <line num="23" count="20" type="stmt"/>
        <line num="24" count="20" type="stmt"/>
        <line num="25" count="20" type="stmt"/>
        <line num="26" count="1" type="stmt"/>
      </file>
    </package>
    <package name="components.Card">
      <metrics statements="12" coveredstatements="11" conditionals="0" coveredconditionals="0" methods="1" coveredmethods="0"/>
      <file name="Card.tsx" path="C:\Users\andre\Documents\git\colosl-private\components\Card\Card.tsx">
        <metrics statements="12" coveredstatements="11" conditionals="0" coveredconditionals="0" methods="1" coveredmethods="0"/>
        <line num="1" count="1" type="stmt"/>
        <line num="2" count="1" type="stmt"/>
        <line num="3" count="1" type="stmt"/>
        <line num="4" count="1" type="stmt"/>
        <line num="5" count="1" type="stmt"/>
        <line num="6" count="1" type="stmt"/>
        <line num="7" count="1" type="stmt"/>
        <line num="8" count="1" type="stmt"/>
        <line num="9" count="1" type="stmt"/>
        <line num="10" count="1" type="stmt"/>
        <line num="11" count="0" type="stmt"/>
        <line num="12" count="1" type="stmt"/>
      </file>
    </package>
    <package name="components.ContactsTable">
      <metrics statements="103" coveredstatements="103" conditionals="15" coveredconditionals="15" methods="7" coveredmethods="7"/>
      <file name="ContactsTable.tsx" path="C:\Users\andre\Documents\git\colosl-private\components\ContactsTable\ContactsTable.tsx">
        <metrics statements="103" coveredstatements="103" conditionals="15" coveredconditionals="15" methods="7" coveredmethods="7"/>
        <line num="1" count="1" type="stmt"/>
        <line num="2" count="1" type="stmt"/>
        <line num="3" count="1" type="stmt"/>
        <line num="4" count="1" type="stmt"/>
        <line num="5" count="1" type="stmt"/>
        <line num="6" count="1" type="stmt"/>
        <line num="7" count="1" type="stmt"/>
        <line num="8" count="1" type="stmt"/>
        <line num="9" count="1" type="stmt"/>
        <line num="10" count="1" type="stmt"/>
        <line num="11" count="1" type="cond" truecount="1" falsecount="0"/>
        <line num="12" count="8" type="stmt"/>
        <line num="13" count="8" type="stmt"/>
        <line num="14" count="8" type="cond" truecount="1" falsecount="0"/>
        <line num="15" count="24" type="stmt"/>
        <line num="16" count="24" type="stmt"/>
        <line num="17" count="24" type="cond" truecount="1" falsecount="0"/>
        <line num="18" count="24" type="stmt"/>
        <line num="19" count="24" type="stmt"/>
        <line num="20" count="8" type="stmt"/>
        <line num="21" count="8" type="cond" truecount="1" falsecount="0"/>
        <line num="22" count="72" type="stmt"/>
        <line num="23" count="72" type="stmt"/>
        <line num="24" count="8" type="stmt"/>
        <line num="25" count="8" type="cond" truecount="1" falsecount="0"/>
        <line num="26" count="3" type="stmt"/>
        <line num="27" count="3" type="cond" truecount="1" falsecount="0"/>
        <line num="28" count="1" type="stmt"/>
        <line num="29" count="3" type="cond" truecount="1" falsecount="0"/>
        <line num="30" count="2" type="stmt"/>
        <line num="31" count="2" type="stmt"/>
        <line num="32" count="8" type="stmt"/>
        <line num="33" count="8" type="stmt"/>
        <line num="34" count="8" type="stmt"/>
        <line num="35" count="8" type="cond" truecount="1" falsecount="0"/>
        <line num="36" count="8" type="cond" truecount="1" falsecount="0"/>
        <line num="37" count="12" type="stmt"/>
        <line num="38" count="12" type="stmt"/>
        <line num="39" count="8" type="stmt"/>
        <line num="40" count="8" type="stmt"/>
        <line num="41" count="8" type="stmt"/>
        <line num="42" count="8" type="stmt"/>
        <line num="43" count="8" type="cond" truecount="1" falsecount="0"/>
        <line num="44" count="1" type="stmt"/>
        <line num="45" count="1" type="stmt"/>
        <line num="46" count="1" type="stmt"/>
        <line num="47" count="1" type="stmt"/>
        <line num="48" count="8" type="stmt"/>
        <line num="49" count="8" type="cond" truecount="1" falsecount="0"/>
        <line num="50" count="1" type="cond" truecount="1" falsecount="0"/>
        <line num="51" count="1" type="stmt"/>
        <line num="52" count="1" type="stmt"/>
        <line num="53" count="1" type="stmt"/>
        <line num="54" count="8" type="stmt"/>
        <line num="55" count="8" type="cond" truecount="1" falsecount="0"/>
        <line num="56" count="2" type="stmt"/>
        <line num="57" count="2" type="stmt"/>
        <line num="58" count="8" type="stmt"/>
        <line num="59" count="8" type="stmt"/>
        <line num="60" count="8" type="stmt"/>
        <line num="61" count="8" type="stmt"/>
        <line num="62" count="8" type="stmt"/>
        <line num="63" count="8" type="stmt"/>
        <line num="64" count="8" type="stmt"/>
        <line num="65" count="8" type="stmt"/>
        <line num="66" count="8" type="stmt"/>
        <line num="67" count="8" type="stmt"/>
        <line num="68" count="8" type="stmt"/>
        <line num="69" count="8" type="stmt"/>
        <line num="70" count="8" type="stmt"/>
        <line num="71" count="8" type="stmt"/>
        <line num="72" count="8" type="stmt"/>
        <line num="73" count="8" type="stmt"/>
        <line num="74" count="8" type="stmt"/>
        <line num="75" count="8" type="stmt"/>
        <line num="76" count="8" type="stmt"/>
        <line num="77" count="8" type="stmt"/>
        <line num="78" count="8" type="cond" truecount="1" falsecount="0"/>
        <line num="79" count="12" type="stmt"/>
        <line num="80" count="12" type="stmt"/>
        <line num="81" count="12" type="stmt"/>
        <line num="82" count="12" type="stmt"/>
        <line num="83" count="12" type="stmt"/>
        <line num="84" count="12" type="stmt"/>
        <line num="85" count="12" type="stmt"/>
        <line num="86" count="12" type="stmt"/>
        <line num="87" count="12" type="stmt"/>
        <line num="88" count="12" type="stmt"/>
        <line num="89" count="12" type="stmt"/>
        <line num="90" count="12" type="stmt"/>
        <line num="91" count="12" type="stmt"/>
        <line num="92" count="12" type="cond" truecount="1" falsecount="0"/>
        <line num="93" count="12" type="stmt"/>
        <line num="94" count="12" type="stmt"/>
        <line num="95" count="12" type="stmt"/>
        <line num="96" count="12" type="stmt"/>
        <line num="97" count="8" type="stmt"/>
        <line num="98" count="8" type="stmt"/>
        <line num="99" count="8" type="stmt"/>
        <line num="100" count="8" type="stmt"/>
        <line num="101" count="8" type="stmt"/>
        <line num="102" count="8" type="stmt"/>
        <line num="103" count="8" type="stmt"/>
      </file>
    </package>
    <package name="components.Header">
      <metrics statements="39" coveredstatements="10" conditionals="0" coveredconditionals="0" methods="1" coveredmethods="0"/>
      <file name="Header.tsx" path="C:\Users\andre\Documents\git\colosl-private\components\Header\Header.tsx">
        <metrics statements="39" coveredstatements="10" conditionals="0" coveredconditionals="0" methods="1" coveredmethods="0"/>
        <line num="1" count="1" type="stmt"/>
        <line num="2" count="1" type="stmt"/>
        <line num="3" count="1" type="stmt"/>
        <line num="4" count="1" type="stmt"/>
        <line num="5" count="1" type="stmt"/>
        <line num="6" count="1" type="stmt"/>
        <line num="7" count="1" type="stmt"/>
        <line num="8" count="1" type="stmt"/>
        <line num="9" count="1" type="stmt"/>
        <line num="10" count="1" type="stmt"/>
        <line num="11" count="0" type="stmt"/>
        <line num="12" count="0" type="stmt"/>
        <line num="13" count="0" type="stmt"/>
        <line num="14" count="0" type="stmt"/>
        <line num="15" count="0" type="stmt"/>
        <line num="16" count="0" type="stmt"/>
        <line num="17" count="0" type="stmt"/>
        <line num="18" count="0" type="stmt"/>
        <line num="19" count="0" type="stmt"/>
        <line num="20" count="0" type="stmt"/>
        <line num="21" count="0" type="stmt"/>
        <line num="22" count="0" type="stmt"/>
        <line num="23" count="0" type="stmt"/>
        <line num="24" count="0" type="stmt"/>
        <line num="25" count="0" type="stmt"/>
        <line num="26" count="0" type="stmt"/>
        <line num="27" count="0" type="stmt"/>
        <line num="28" count="0" type="stmt"/>
        <line num="29" count="0" type="stmt"/>
        <line num="30" count="0" type="stmt"/>
        <line num="31" count="0" type="stmt"/>
        <line num="32" count="0" type="stmt"/>
        <line num="33" count="0" type="stmt"/>
        <line num="34" count="0" type="stmt"/>
        <line num="35" count="0" type="stmt"/>
        <line num="36" count="0" type="stmt"/>
        <line num="37" count="0" type="stmt"/>
        <line num="38" count="0" type="stmt"/>
        <line num="39" count="0" type="stmt"/>
      </file>
    </package>
    <package name="components.LoginForm">
      <metrics statements="57" coveredstatements="27" conditionals="0" coveredconditionals="0" methods="1" coveredmethods="0"/>
      <file name="LoginForm.tsx" path="C:\Users\andre\Documents\git\colosl-private\components\LoginForm\LoginForm.tsx">
        <metrics statements="57" coveredstatements="27" conditionals="0" coveredconditionals="0" methods="1" coveredmethods="0"/>
        <line num="1" count="1" type="stmt"/>
        <line num="2" count="1" type="stmt"/>
        <line num="3" count="1" type="stmt"/>
        <line num="4" count="1" type="stmt"/>
        <line num="5" count="1" type="stmt"/>
        <line num="6" count="1" type="stmt"/>
        <line num="7" count="1" type="stmt"/>
        <line num="8" count="1" type="stmt"/>
        <line num="9" count="1" type="stmt"/>
        <line num="10" count="1" type="stmt"/>
        <line num="11" count="1" type="stmt"/>
        <line num="12" count="1" type="stmt"/>
        <line num="13" count="1" type="stmt"/>
        <line num="14" count="1" type="stmt"/>
        <line num="15" count="1" type="stmt"/>
        <line num="16" count="1" type="stmt"/>
        <line num="17" count="1" type="stmt"/>
        <line num="18" count="1" type="stmt"/>
        <line num="19" count="1" type="stmt"/>
        <line num="20" count="1" type="stmt"/>
        <line num="21" count="1" type="stmt"/>
        <line num="22" count="1" type="stmt"/>
        <line num="23" count="1" type="stmt"/>
        <line num="24" count="1" type="stmt"/>
        <line num="25" count="1" type="stmt"/>
        <line num="26" count="1" type="stmt"/>
        <line num="27" count="1" type="stmt"/>
        <line num="28" count="0" type="stmt"/>
        <line num="29" count="0" type="stmt"/>
        <line num="30" count="0" type="stmt"/>
        <line num="31" count="0" type="stmt"/>
        <line num="32" count="0" type="stmt"/>
        <line num="33" count="0" type="stmt"/>
        <line num="34" count="0" type="stmt"/>
        <line num="35" count="0" type="stmt"/>
        <line num="36" count="0" type="stmt"/>
        <line num="37" count="0" type="stmt"/>
        <line num="38" count="0" type="stmt"/>
        <line num="39" count="0" type="stmt"/>
        <line num="40" count="0" type="stmt"/>
        <line num="41" count="0" type="stmt"/>
        <line num="42" count="0" type="stmt"/>
        <line num="43" count="0" type="stmt"/>
        <line num="44" count="0" type="stmt"/>
        <line num="45" count="0" type="stmt"/>
        <line num="46" count="0" type="stmt"/>
        <line num="47" count="0" type="stmt"/>
        <line num="48" count="0" type="stmt"/>
        <line num="49" count="0" type="stmt"/>
        <line num="50" count="0" type="stmt"/>
        <line num="51" count="0" type="stmt"/>
        <line num="52" count="0" type="stmt"/>
        <line num="53" count="0" type="stmt"/>
        <line num="54" count="0" type="stmt"/>
        <line num="55" count="0" type="stmt"/>
        <line num="56" count="0" type="stmt"/>
        <line num="57" count="0" type="stmt"/>
      </file>
    </package>
    <package name="utils">
      <metrics statements="1" coveredstatements="1" conditionals="0" coveredconditionals="0" methods="0" coveredmethods="0"/>
      <file name="index.ts" path="C:\Users\andre\Documents\git\colosl-private\utils\index.ts">
        <metrics statements="1" coveredstatements="1" conditionals="0" coveredconditionals="0" methods="0" coveredmethods="0"/>
        <line num="1" count="1" type="stmt"/>
      </file>
    </package>
    <package name="utils.randomContact">
      <metrics statements="42" coveredstatements="42" conditionals="5" coveredconditionals="5" methods="4" coveredmethods="4"/>
      <file name="randomContact.ts" path="C:\Users\andre\Documents\git\colosl-private\utils\randomContact\randomContact.ts">
        <metrics statements="42" coveredstatements="42" conditionals="5" coveredconditionals="5" methods="4" coveredmethods="4"/>
        <line num="1" count="1" type="stmt"/>
        <line num="2" count="1" type="stmt"/>
        <line num="3" count="1" type="stmt"/>
        <line num="4" count="1" type="stmt"/>
        <line num="5" count="1" type="stmt"/>
        <line num="6" count="1" type="stmt"/>
        <line num="7" count="1" type="cond" truecount="1" falsecount="0"/>
        <line num="8" count="1" type="stmt"/>
        <line num="9" count="1" type="stmt"/>
        <line num="10" count="1" type="stmt"/>
        <line num="11" count="1" type="stmt"/>
        <line num="12" count="1" type="stmt"/>
        <line num="13" count="1" type="stmt"/>
        <line num="14" count="1" type="stmt"/>
        <line num="15" count="1" type="stmt"/>
        <line num="16" count="1" type="stmt"/>
        <line num="17" count="1" type="stmt"/>
        <line num="18" count="1" type="stmt"/>
        <line num="19" count="1" type="stmt"/>
        <line num="20" count="1" type="stmt"/>
        <line num="21" count="1" type="stmt"/>
        <line num="22" count="1" type="stmt"/>
        <line num="23" count="1" type="stmt"/>
        <line num="24" count="1" type="stmt"/>
        <line num="25" count="1" type="cond" truecount="1" falsecount="0"/>
        <line num="26" count="2" type="stmt"/>
        <line num="27" count="2" type="stmt"/>
        <line num="28" count="2" type="cond" truecount="1" falsecount="0"/>
        <line num="29" count="14" type="stmt"/>
        <line num="30" count="14" type="stmt"/>
        <line num="31" count="2" type="stmt"/>
        <line num="32" count="2" type="stmt"/>
        <line num="33" count="1" type="stmt"/>
        <line num="34" count="1" type="cond" truecount="1" falsecount="0"/>
        <line num="35" count="1" type="stmt"/>
        <line num="36" count="1" type="stmt"/>
        <line num="37" count="1" type="stmt"/>
        <line num="38" count="1" type="stmt"/>
        <line num="39" count="1" type="stmt"/>
        <line num="40" count="1" type="cond" truecount="1" falsecount="0"/>
        <line num="41" count="2" type="stmt"/>
        <line num="42" count="2" type="stmt"/>
      </file>
    </package>
  </project>
</coverage>
